[20-May-2024 10:11:21 UTC] PHP Warning:  include(userRegistration.php): Failed to open stream: No such file or directory in C:\xampp\htdocs\wordpress\wp-content\plugins\metadata_metabox\autoloader.php on line 13
[20-May-2024 10:11:21 UTC] PHP Warning:  include(): Failed opening 'userRegistration.php' for inclusion (include_path='C:\xampp\php\PEAR') in C:\xampp\htdocs\wordpress\wp-content\plugins\metadata_metabox\autoloader.php on line 13
[20-May-2024 10:11:21 UTC] PHP Warning:  include(uR_Stats.php): Failed to open stream: No such file or directory in C:\xampp\htdocs\wordpress\wp-content\plugins\metadata_metabox\autoloader.php on line 13
[20-May-2024 10:11:21 UTC] PHP Warning:  include(): Failed opening 'uR_Stats.php' for inclusion (include_path='C:\xampp\php\PEAR') in C:\xampp\htdocs\wordpress\wp-content\plugins\metadata_metabox\autoloader.php on line 13
[20-May-2024 10:11:21 UTC] PHP Warning:  include(colorMag_Constants.php): Failed to open stream: No such file or directory in C:\xampp\htdocs\wordpress\wp-content\plugins\metadata_metabox\autoloader.php on line 13
[20-May-2024 10:11:21 UTC] PHP Warning:  include(): Failed opening 'colorMag_Constants.php' for inclusion (include_path='C:\xampp\php\PEAR') in C:\xampp\htdocs\wordpress\wp-content\plugins\metadata_metabox\autoloader.php on line 13
[20-May-2024 10:11:21 UTC] PHP Warning:  include(colorMag_Admin.php): Failed to open stream: No such file or directory in C:\xampp\htdocs\wordpress\wp-content\plugins\metadata_metabox\autoloader.php on line 13
[20-May-2024 10:11:21 UTC] PHP Warning:  include(): Failed opening 'colorMag_Admin.php' for inclusion (include_path='C:\xampp\php\PEAR') in C:\xampp\htdocs\wordpress\wp-content\plugins\metadata_metabox\autoloader.php on line 13
[20-May-2024 10:11:21 UTC] PHP Warning:  include(colorMag_Dynamic_Filter.php): Failed to open stream: No such file or directory in C:\xampp\htdocs\wordpress\wp-content\plugins\metadata_metabox\autoloader.php on line 13
[20-May-2024 10:11:21 UTC] PHP Warning:  include(): Failed opening 'colorMag_Dynamic_Filter.php' for inclusion (include_path='C:\xampp\php\PEAR') in C:\xampp\htdocs\wordpress\wp-content\plugins\metadata_metabox\autoloader.php on line 13
[20-May-2024 10:11:21 UTC] PHP Warning:  include(colorMag_Css_Classes.php): Failed to open stream: No such file or directory in C:\xampp\htdocs\wordpress\wp-content\plugins\metadata_metabox\autoloader.php on line 13
[20-May-2024 10:11:21 UTC] PHP Warning:  include(): Failed opening 'colorMag_Css_Classes.php' for inclusion (include_path='C:\xampp\php\PEAR') in C:\xampp\htdocs\wordpress\wp-content\plugins\metadata_metabox\autoloader.php on line 13
[20-May-2024 10:11:21 UTC] PHP Warning:  include(colorMag_After_Setup_Theme.php): Failed to open stream: No such file or directory in C:\xampp\htdocs\wordpress\wp-content\plugins\metadata_metabox\autoloader.php on line 13
[20-May-2024 10:11:21 UTC] PHP Warning:  include(): Failed opening 'colorMag_After_Setup_Theme.php' for inclusion (include_path='C:\xampp\php\PEAR') in C:\xampp\htdocs\wordpress\wp-content\plugins\metadata_metabox\autoloader.php on line 13
[20-May-2024 10:11:21 UTC] PHP Warning:  include(colorMag_Enqueue_Scripts.php): Failed to open stream: No such file or directory in C:\xampp\htdocs\wordpress\wp-content\plugins\metadata_metabox\autoloader.php on line 13
[20-May-2024 10:11:21 UTC] PHP Warning:  include(): Failed opening 'colorMag_Enqueue_Scripts.php' for inclusion (include_path='C:\xampp\php\PEAR') in C:\xampp\htdocs\wordpress\wp-content\plugins\metadata_metabox\autoloader.php on line 13
[20-May-2024 10:11:21 UTC] PHP Warning:  include(colorMag_WebFont_Loader.php): Failed to open stream: No such file or directory in C:\xampp\htdocs\wordpress\wp-content\plugins\metadata_metabox\autoloader.php on line 13
[20-May-2024 10:11:21 UTC] PHP Warning:  include(): Failed opening 'colorMag_WebFont_Loader.php' for inclusion (include_path='C:\xampp\php\PEAR') in C:\xampp\htdocs\wordpress\wp-content\plugins\metadata_metabox\autoloader.php on line 13
[20-May-2024 10:11:21 UTC] PHP Warning:  include(colorMag_Migration.php): Failed to open stream: No such file or directory in C:\xampp\htdocs\wordpress\wp-content\plugins\metadata_metabox\autoloader.php on line 13
[20-May-2024 10:11:21 UTC] PHP Warning:  include(): Failed opening 'colorMag_Migration.php' for inclusion (include_path='C:\xampp\php\PEAR') in C:\xampp\htdocs\wordpress\wp-content\plugins\metadata_metabox\autoloader.php on line 13
[20-May-2024 10:11:21 UTC] PHP Warning:  include(colorMag_SVG_Icons.php): Failed to open stream: No such file or directory in C:\xampp\htdocs\wordpress\wp-content\plugins\metadata_metabox\autoloader.php on line 13
[20-May-2024 10:11:21 UTC] PHP Warning:  include(): Failed opening 'colorMag_SVG_Icons.php' for inclusion (include_path='C:\xampp\php\PEAR') in C:\xampp\htdocs\wordpress\wp-content\plugins\metadata_metabox\autoloader.php on line 13
[20-May-2024 10:11:21 UTC] PHP Warning:  include(wooCommerce.php): Failed to open stream: No such file or directory in C:\xampp\htdocs\wordpress\wp-content\plugins\metadata_metabox\autoloader.php on line 13
[20-May-2024 10:11:21 UTC] PHP Warning:  include(): Failed opening 'wooCommerce.php' for inclusion (include_path='C:\xampp\php\PEAR') in C:\xampp\htdocs\wordpress\wp-content\plugins\metadata_metabox\autoloader.php on line 13
[20-May-2024 10:11:21 UTC] PHP Warning:  include(wP_Site_Health.php): Failed to open stream: No such file or directory in C:\xampp\htdocs\wordpress\wp-content\plugins\metadata_metabox\autoloader.php on line 13
[20-May-2024 10:11:21 UTC] PHP Warning:  include(): Failed opening 'wP_Site_Health.php' for inclusion (include_path='C:\xampp\php\PEAR') in C:\xampp\htdocs\wordpress\wp-content\plugins\metadata_metabox\autoloader.php on line 13
[20-May-2024 10:11:21 UTC] PHP Warning:  include(uR_Shortcodes.php): Failed to open stream: No such file or directory in C:\xampp\htdocs\wordpress\wp-content\plugins\metadata_metabox\autoloader.php on line 13
[20-May-2024 10:11:21 UTC] PHP Warning:  include(): Failed opening 'uR_Shortcodes.php' for inclusion (include_path='C:\xampp\php\PEAR') in C:\xampp\htdocs\wordpress\wp-content\plugins\metadata_metabox\autoloader.php on line 13
[20-May-2024 10:11:59 UTC] PHP Warning:  include(userRegistration.php): Failed to open stream: No such file or directory in C:\xampp\htdocs\wordpress\wp-content\plugins\metadata_metabox\autoloader.php on line 13
[20-May-2024 10:11:59 UTC] PHP Warning:  include(): Failed opening 'userRegistration.php' for inclusion (include_path='C:\xampp\php\PEAR') in C:\xampp\htdocs\wordpress\wp-content\plugins\metadata_metabox\autoloader.php on line 13
[20-May-2024 10:11:59 UTC] PHP Warning:  include(uR_Stats.php): Failed to open stream: No such file or directory in C:\xampp\htdocs\wordpress\wp-content\plugins\metadata_metabox\autoloader.php on line 13
[20-May-2024 10:11:59 UTC] PHP Warning:  include(): Failed opening 'uR_Stats.php' for inclusion (include_path='C:\xampp\php\PEAR') in C:\xampp\htdocs\wordpress\wp-content\plugins\metadata_metabox\autoloader.php on line 13
[20-May-2024 10:11:59 UTC] PHP Warning:  include(colorMag_Constants.php): Failed to open stream: No such file or directory in C:\xampp\htdocs\wordpress\wp-content\plugins\metadata_metabox\autoloader.php on line 13
[20-May-2024 10:11:59 UTC] PHP Warning:  include(): Failed opening 'colorMag_Constants.php' for inclusion (include_path='C:\xampp\php\PEAR') in C:\xampp\htdocs\wordpress\wp-content\plugins\metadata_metabox\autoloader.php on line 13
[20-May-2024 10:11:59 UTC] PHP Warning:  include(colorMag_Admin.php): Failed to open stream: No such file or directory in C:\xampp\htdocs\wordpress\wp-content\plugins\metadata_metabox\autoloader.php on line 13
[20-May-2024 10:11:59 UTC] PHP Warning:  include(): Failed opening 'colorMag_Admin.php' for inclusion (include_path='C:\xampp\php\PEAR') in C:\xampp\htdocs\wordpress\wp-content\plugins\metadata_metabox\autoloader.php on line 13
[20-May-2024 10:11:59 UTC] PHP Warning:  include(colorMag_Dynamic_Filter.php): Failed to open stream: No such file or directory in C:\xampp\htdocs\wordpress\wp-content\plugins\metadata_metabox\autoloader.php on line 13
[20-May-2024 10:11:59 UTC] PHP Warning:  include(): Failed opening 'colorMag_Dynamic_Filter.php' for inclusion (include_path='C:\xampp\php\PEAR') in C:\xampp\htdocs\wordpress\wp-content\plugins\metadata_metabox\autoloader.php on line 13
[20-May-2024 10:11:59 UTC] PHP Warning:  include(colorMag_Css_Classes.php): Failed to open stream: No such file or directory in C:\xampp\htdocs\wordpress\wp-content\plugins\metadata_metabox\autoloader.php on line 13
[20-May-2024 10:11:59 UTC] PHP Warning:  include(): Failed opening 'colorMag_Css_Classes.php' for inclusion (include_path='C:\xampp\php\PEAR') in C:\xampp\htdocs\wordpress\wp-content\plugins\metadata_metabox\autoloader.php on line 13
[20-May-2024 10:11:59 UTC] PHP Warning:  include(colorMag_After_Setup_Theme.php): Failed to open stream: No such file or directory in C:\xampp\htdocs\wordpress\wp-content\plugins\metadata_metabox\autoloader.php on line 13
[20-May-2024 10:11:59 UTC] PHP Warning:  include(): Failed opening 'colorMag_After_Setup_Theme.php' for inclusion (include_path='C:\xampp\php\PEAR') in C:\xampp\htdocs\wordpress\wp-content\plugins\metadata_metabox\autoloader.php on line 13
[20-May-2024 10:11:59 UTC] PHP Warning:  include(colorMag_Enqueue_Scripts.php): Failed to open stream: No such file or directory in C:\xampp\htdocs\wordpress\wp-content\plugins\metadata_metabox\autoloader.php on line 13
[20-May-2024 10:11:59 UTC] PHP Warning:  include(): Failed opening 'colorMag_Enqueue_Scripts.php' for inclusion (include_path='C:\xampp\php\PEAR') in C:\xampp\htdocs\wordpress\wp-content\plugins\metadata_metabox\autoloader.php on line 13
[20-May-2024 10:11:59 UTC] PHP Warning:  include(colorMag_WebFont_Loader.php): Failed to open stream: No such file or directory in C:\xampp\htdocs\wordpress\wp-content\plugins\metadata_metabox\autoloader.php on line 13
[20-May-2024 10:11:59 UTC] PHP Warning:  include(): Failed opening 'colorMag_WebFont_Loader.php' for inclusion (include_path='C:\xampp\php\PEAR') in C:\xampp\htdocs\wordpress\wp-content\plugins\metadata_metabox\autoloader.php on line 13
[20-May-2024 10:11:59 UTC] PHP Warning:  include(colorMag_Migration.php): Failed to open stream: No such file or directory in C:\xampp\htdocs\wordpress\wp-content\plugins\metadata_metabox\autoloader.php on line 13
[20-May-2024 10:11:59 UTC] PHP Warning:  include(): Failed opening 'colorMag_Migration.php' for inclusion (include_path='C:\xampp\php\PEAR') in C:\xampp\htdocs\wordpress\wp-content\plugins\metadata_metabox\autoloader.php on line 13
[20-May-2024 10:11:59 UTC] PHP Warning:  include(colorMag_SVG_Icons.php): Failed to open stream: No such file or directory in C:\xampp\htdocs\wordpress\wp-content\plugins\metadata_metabox\autoloader.php on line 13
[20-May-2024 10:11:59 UTC] PHP Warning:  include(): Failed opening 'colorMag_SVG_Icons.php' for inclusion (include_path='C:\xampp\php\PEAR') in C:\xampp\htdocs\wordpress\wp-content\plugins\metadata_metabox\autoloader.php on line 13
[20-May-2024 10:11:59 UTC] PHP Warning:  include(wooCommerce.php): Failed to open stream: No such file or directory in C:\xampp\htdocs\wordpress\wp-content\plugins\metadata_metabox\autoloader.php on line 13
[20-May-2024 10:11:59 UTC] PHP Warning:  include(): Failed opening 'wooCommerce.php' for inclusion (include_path='C:\xampp\php\PEAR') in C:\xampp\htdocs\wordpress\wp-content\plugins\metadata_metabox\autoloader.php on line 13
[20-May-2024 10:11:59 UTC] PHP Warning:  include(wP_Site_Health.php): Failed to open stream: No such file or directory in C:\xampp\htdocs\wordpress\wp-content\plugins\metadata_metabox\autoloader.php on line 13
[20-May-2024 10:11:59 UTC] PHP Warning:  include(): Failed opening 'wP_Site_Health.php' for inclusion (include_path='C:\xampp\php\PEAR') in C:\xampp\htdocs\wordpress\wp-content\plugins\metadata_metabox\autoloader.php on line 13
[20-May-2024 10:11:59 UTC] PHP Warning:  include(uR_Shortcodes.php): Failed to open stream: No such file or directory in C:\xampp\htdocs\wordpress\wp-content\plugins\metadata_metabox\autoloader.php on line 13
[20-May-2024 10:11:59 UTC] PHP Warning:  include(): Failed opening 'uR_Shortcodes.php' for inclusion (include_path='C:\xampp\php\PEAR') in C:\xampp\htdocs\wordpress\wp-content\plugins\metadata_metabox\autoloader.php on line 13
