2024-05-14T16:31:52+05:45 CRITICAL Uncaught TypeError: call_user_func_array(): Argument #1 ($callback) must be a valid callback, class Metabox_learn does not have a method "display_activation_message" in C:\xampp\htdocs\wordpress\wp-includes\class-wp-hook.php:324
Stack trace:
#0 C:\xampp\htdocs\wordpress\wp-includes\class-wp-hook.php(348): WP_Hook->apply_filters(NULL, Array)
#1 C:\xampp\htdocs\wordpress\wp-includes\plugin.php(517): WP_Hook->do_action(Array)
#2 C:\xampp\htdocs\wordpress\wp-admin\admin-header.php(303): do_action('admin_notices')
#3 C:\xampp\htdocs\wordpress\wp-admin\plugins.php(624): require_once('C:\\xampp\\htdocs...')
#4 {main}
  thrown in C:\xampp\htdocs\wordpress\wp-includes\class-wp-hook.php on line 324

2024-05-14T16:32:01+05:45 CRITICAL Uncaught TypeError: call_user_func_array(): Argument #1 ($callback) must be a valid callback, class Metabox_learn does not have a method "display_activation_message" in C:\xampp\htdocs\wordpress\wp-includes\class-wp-hook.php:324
Stack trace:
#0 C:\xampp\htdocs\wordpress\wp-includes\class-wp-hook.php(348): WP_Hook->apply_filters(NULL, Array)
#1 C:\xampp\htdocs\wordpress\wp-includes\plugin.php(517): WP_Hook->do_action(Array)
#2 C:\xampp\htdocs\wordpress\wp-admin\admin-header.php(303): do_action('admin_notices')
#3 C:\xampp\htdocs\wordpress\wp-admin\plugins.php(624): require_once('C:\\xampp\\htdocs...')
#4 {main}
  thrown in C:\xampp\htdocs\wordpress\wp-includes\class-wp-hook.php on line 324

2024-05-14T16:32:04+05:45 CRITICAL Uncaught TypeError: call_user_func_array(): Argument #1 ($callback) must be a valid callback, class Metabox_learn does not have a method "display_activation_message" in C:\xampp\htdocs\wordpress\wp-includes\class-wp-hook.php:324
Stack trace:
#0 C:\xampp\htdocs\wordpress\wp-includes\class-wp-hook.php(348): WP_Hook->apply_filters(NULL, Array)
#1 C:\xampp\htdocs\wordpress\wp-includes\plugin.php(517): WP_Hook->do_action(Array)
#2 C:\xampp\htdocs\wordpress\wp-admin\admin-header.php(303): do_action('admin_notices')
#3 C:\xampp\htdocs\wordpress\wp-admin\plugins.php(624): require_once('C:\\xampp\\htdocs...')
#4 {main}
  thrown in C:\xampp\htdocs\wordpress\wp-includes\class-wp-hook.php on line 324

2024-05-14T16:32:06+05:45 CRITICAL Uncaught TypeError: call_user_func_array(): Argument #1 ($callback) must be a valid callback, class Metabox_learn does not have a method "display_activation_message" in C:\xampp\htdocs\wordpress\wp-includes\class-wp-hook.php:324
Stack trace:
#0 C:\xampp\htdocs\wordpress\wp-includes\class-wp-hook.php(348): WP_Hook->apply_filters(NULL, Array)
#1 C:\xampp\htdocs\wordpress\wp-includes\plugin.php(517): WP_Hook->do_action(Array)
#2 C:\xampp\htdocs\wordpress\wp-admin\admin-header.php(303): do_action('admin_notices')
#3 C:\xampp\htdocs\wordpress\wp-admin\plugins.php(624): require_once('C:\\xampp\\htdocs...')
#4 {main}
  thrown in C:\xampp\htdocs\wordpress\wp-includes\class-wp-hook.php on line 324

2024-05-14T16:33:09+05:45 CRITICAL Uncaught TypeError: call_user_func_array(): Argument #1 ($callback) must be a valid callback, class Metabox_learn does not have a method "display_activation_message" in C:\xampp\htdocs\wordpress\wp-includes\class-wp-hook.php:324
Stack trace:
#0 C:\xampp\htdocs\wordpress\wp-includes\class-wp-hook.php(348): WP_Hook->apply_filters(NULL, Array)
#1 C:\xampp\htdocs\wordpress\wp-includes\plugin.php(517): WP_Hook->do_action(Array)
#2 C:\xampp\htdocs\wordpress\wp-admin\admin-header.php(303): do_action('admin_notices')
#3 C:\xampp\htdocs\wordpress\wp-admin\plugins.php(624): require_once('C:\\xampp\\htdocs...')
#4 {main}
  thrown in C:\xampp\htdocs\wordpress\wp-includes\class-wp-hook.php on line 324

2024-05-14T16:33:12+05:45 CRITICAL Uncaught TypeError: call_user_func_array(): Argument #1 ($callback) must be a valid callback, class Metabox_learn does not have a method "display_activation_message" in C:\xampp\htdocs\wordpress\wp-includes\class-wp-hook.php:324
Stack trace:
#0 C:\xampp\htdocs\wordpress\wp-includes\class-wp-hook.php(348): WP_Hook->apply_filters(NULL, Array)
#1 C:\xampp\htdocs\wordpress\wp-includes\plugin.php(517): WP_Hook->do_action(Array)
#2 C:\xampp\htdocs\wordpress\wp-admin\admin-header.php(303): do_action('admin_notices')
#3 C:\xampp\htdocs\wordpress\wp-admin\plugins.php(624): require_once('C:\\xampp\\htdocs...')
#4 {main}
  thrown in C:\xampp\htdocs\wordpress\wp-includes\class-wp-hook.php on line 324

2024-05-14T16:33:15+05:45 CRITICAL Uncaught TypeError: call_user_func_array(): Argument #1 ($callback) must be a valid callback, class Metabox_learn does not have a method "display_activation_message" in C:\xampp\htdocs\wordpress\wp-includes\class-wp-hook.php:324
Stack trace:
#0 C:\xampp\htdocs\wordpress\wp-includes\class-wp-hook.php(348): WP_Hook->apply_filters(NULL, Array)
#1 C:\xampp\htdocs\wordpress\wp-includes\plugin.php(517): WP_Hook->do_action(Array)
#2 C:\xampp\htdocs\wordpress\wp-admin\admin-header.php(303): do_action('admin_notices')
#3 C:\xampp\htdocs\wordpress\wp-admin\plugins.php(624): require_once('C:\\xampp\\htdocs...')
#4 {main}
  thrown in C:\xampp\htdocs\wordpress\wp-includes\class-wp-hook.php on line 324

2024-05-14T16:54:02+05:45 CRITICAL Uncaught TypeError: call_user_func(): Argument #1 ($callback) must be a valid callback, function "wporg_custom_box_html" not found or invalid function name in C:\xampp\htdocs\wordpress\wp-admin\includes\template.php:1456
Stack trace:
#0 C:\xampp\htdocs\wordpress\wp-admin\includes\post.php(2382): do_meta_boxes(Object(WP_Screen), 'advanced', Object(WP_Post))
#1 C:\xampp\htdocs\wordpress\wp-admin\edit-form-blocks.php(316): the_block_editor_meta_boxes()
#2 C:\xampp\htdocs\wordpress\wp-admin\post-new.php(72): require('C:\\xampp\\htdocs...')
#3 {main}
  thrown in C:\xampp\htdocs\wordpress\wp-admin\includes\template.php on line 1456

2024-05-14T16:54:29+05:45 CRITICAL Uncaught TypeError: call_user_func(): Argument #1 ($callback) must be a valid callback, function "wporg_custom_box_html" not found or invalid function name in C:\xampp\htdocs\wordpress\wp-admin\includes\template.php:1456
Stack trace:
#0 C:\xampp\htdocs\wordpress\wp-admin\includes\post.php(2382): do_meta_boxes(Object(WP_Screen), 'advanced', Object(WP_Post))
#1 C:\xampp\htdocs\wordpress\wp-admin\edit-form-blocks.php(316): the_block_editor_meta_boxes()
#2 C:\xampp\htdocs\wordpress\wp-admin\post-new.php(72): require('C:\\xampp\\htdocs...')
#3 {main}
  thrown in C:\xampp\htdocs\wordpress\wp-admin\includes\template.php on line 1456

2024-05-14T16:54:39+05:45 CRITICAL Uncaught TypeError: call_user_func(): Argument #1 ($callback) must be a valid callback, function "wporg_custom_box_html" not found or invalid function name in C:\xampp\htdocs\wordpress\wp-admin\includes\template.php:1456
Stack trace:
#0 C:\xampp\htdocs\wordpress\wp-admin\includes\post.php(2382): do_meta_boxes(Object(WP_Screen), 'advanced', Object(WP_Post))
#1 C:\xampp\htdocs\wordpress\wp-admin\edit-form-blocks.php(316): the_block_editor_meta_boxes()
#2 C:\xampp\htdocs\wordpress\wp-admin\post-new.php(72): require('C:\\xampp\\htdocs...')
#3 {main}
  thrown in C:\xampp\htdocs\wordpress\wp-admin\includes\template.php on line 1456

2024-05-14T16:56:37+05:45 CRITICAL Uncaught TypeError: call_user_func(): Argument #1 ($callback) must be a valid callback, function "wporg_custom_box_html" not found or invalid function name in C:\xampp\htdocs\wordpress\wp-admin\includes\template.php:1456
Stack trace:
#0 C:\xampp\htdocs\wordpress\wp-admin\includes\post.php(2382): do_meta_boxes(Object(WP_Screen), 'advanced', Object(WP_Post))
#1 C:\xampp\htdocs\wordpress\wp-admin\edit-form-blocks.php(316): the_block_editor_meta_boxes()
#2 C:\xampp\htdocs\wordpress\wp-admin\post-new.php(72): require('C:\\xampp\\htdocs...')
#3 {main}
  thrown in C:\xampp\htdocs\wordpress\wp-admin\includes\template.php on line 1456

2024-05-14T16:56:51+05:45 CRITICAL Uncaught TypeError: call_user_func(): Argument #1 ($callback) must be a valid callback, function "wporg_custom_box_html" not found or invalid function name in C:\xampp\htdocs\wordpress\wp-admin\includes\template.php:1456
Stack trace:
#0 C:\xampp\htdocs\wordpress\wp-admin\includes\post.php(2382): do_meta_boxes(Object(WP_Screen), 'advanced', Object(WP_Post))
#1 C:\xampp\htdocs\wordpress\wp-admin\edit-form-blocks.php(316): the_block_editor_meta_boxes()
#2 C:\xampp\htdocs\wordpress\wp-admin\post-new.php(72): require('C:\\xampp\\htdocs...')
#3 {main}
  thrown in C:\xampp\htdocs\wordpress\wp-admin\includes\template.php on line 1456

2024-05-14T16:58:23+05:45 CRITICAL Uncaught TypeError: call_user_func(): Argument #1 ($callback) must be a valid callback, function "wporg_custom_box_html" not found or invalid function name in C:\xampp\htdocs\wordpress\wp-admin\includes\template.php:1456
Stack trace:
#0 C:\xampp\htdocs\wordpress\wp-admin\edit-form-advanced.php(746): do_meta_boxes(Object(WP_Screen), 'advanced', Object(WP_Post))
#1 C:\xampp\htdocs\wordpress\wp-admin\post-new.php(75): require('C:\\xampp\\htdocs...')
#2 {main}
  thrown in C:\xampp\htdocs\wordpress\wp-admin\includes\template.php on line 1456

2024-05-14T16:59:36+05:45 CRITICAL Uncaught TypeError: call_user_func(): Argument #1 ($callback) must be a valid callback, function "wporg_custom_box_html" not found or invalid function name in C:\xampp\htdocs\wordpress\wp-admin\includes\template.php:1456
Stack trace:
#0 C:\xampp\htdocs\wordpress\wp-admin\edit-form-advanced.php(746): do_meta_boxes(Object(WP_Screen), 'advanced', Object(WP_Post))
#1 C:\xampp\htdocs\wordpress\wp-admin\post-new.php(75): require('C:\\xampp\\htdocs...')
#2 {main}
  thrown in C:\xampp\htdocs\wordpress\wp-admin\includes\template.php on line 1456

2024-05-14T17:01:17+05:45 CRITICAL Uncaught TypeError: call_user_func(): Argument #1 ($callback) must be a valid callback, function "wporg_custom_box_html" not found or invalid function name in C:\xampp\htdocs\wordpress\wp-admin\includes\template.php:1456
Stack trace:
#0 C:\xampp\htdocs\wordpress\wp-admin\edit-form-advanced.php(746): do_meta_boxes(Object(WP_Screen), 'advanced', Object(WP_Post))
#1 C:\xampp\htdocs\wordpress\wp-admin\post-new.php(75): require('C:\\xampp\\htdocs...')
#2 {main}
  thrown in C:\xampp\htdocs\wordpress\wp-admin\includes\template.php on line 1456

2024-05-14T17:02:05+05:45 CRITICAL Uncaught TypeError: call_user_func(): Argument #1 ($callback) must be a valid callback, function "wporg_custom_box_html" not found or invalid function name in C:\xampp\htdocs\wordpress\wp-admin\includes\template.php:1456
Stack trace:
#0 C:\xampp\htdocs\wordpress\wp-admin\edit-form-advanced.php(746): do_meta_boxes(Object(WP_Screen), 'advanced', Object(WP_Post))
#1 C:\xampp\htdocs\wordpress\wp-admin\post-new.php(75): require('C:\\xampp\\htdocs...')
#2 {main}
  thrown in C:\xampp\htdocs\wordpress\wp-admin\includes\template.php on line 1456

2024-05-14T17:02:08+05:45 CRITICAL Uncaught TypeError: call_user_func(): Argument #1 ($callback) must be a valid callback, function "wporg_custom_box_html" not found or invalid function name in C:\xampp\htdocs\wordpress\wp-admin\includes\template.php:1456
Stack trace:
#0 C:\xampp\htdocs\wordpress\wp-admin\edit-form-advanced.php(746): do_meta_boxes(Object(WP_Screen), 'advanced', Object(WP_Post))
#1 C:\xampp\htdocs\wordpress\wp-admin\post-new.php(75): require('C:\\xampp\\htdocs...')
#2 {main}
  thrown in C:\xampp\htdocs\wordpress\wp-admin\includes\template.php on line 1456

2024-05-14T17:03:09+05:45 CRITICAL Uncaught TypeError: call_user_func(): Argument #1 ($callback) must be a valid callback, function "wporg_custom_box_html" not found or invalid function name in C:\xampp\htdocs\wordpress\wp-admin\includes\template.php:1456
Stack trace:
#0 C:\xampp\htdocs\wordpress\wp-admin\edit-form-advanced.php(746): do_meta_boxes(Object(WP_Screen), 'advanced', Object(WP_Post))
#1 C:\xampp\htdocs\wordpress\wp-admin\post-new.php(75): require('C:\\xampp\\htdocs...')
#2 {main}
  thrown in C:\xampp\htdocs\wordpress\wp-admin\includes\template.php on line 1456

2024-05-14T17:07:40+05:45 CRITICAL Uncaught TypeError: call_user_func(): Argument #1 ($callback) must be a valid callback, function "metabox_html_content" not found or invalid function name in C:\xampp\htdocs\wordpress\wp-admin\includes\template.php:1456
Stack trace:
#0 C:\xampp\htdocs\wordpress\wp-admin\edit-form-advanced.php(746): do_meta_boxes(Object(WP_Screen), 'advanced', Object(WP_Post))
#1 C:\xampp\htdocs\wordpress\wp-admin\post-new.php(75): require('C:\\xampp\\htdocs...')
#2 {main}
  thrown in C:\xampp\htdocs\wordpress\wp-admin\includes\template.php on line 1456

2024-05-15T12:55:24+05:45 CRITICAL Uncaught TypeError: call_user_func_array(): Argument #1 ($callback) must be a valid callback, function "display_send_email_submenu" not found or invalid function name in C:\xampp\htdocs\wordpress\wp-includes\class-wp-hook.php:324
Stack trace:
#0 C:\xampp\htdocs\wordpress\wp-includes\class-wp-hook.php(348): WP_Hook->apply_filters('', Array)
#1 C:\xampp\htdocs\wordpress\wp-includes\plugin.php(517): WP_Hook->do_action(Array)
#2 C:\xampp\htdocs\wordpress\wp-admin\admin.php(259): do_action('test-email_page...')
#3 {main}
  thrown in C:\xampp\htdocs\wordpress\wp-includes\class-wp-hook.php on line 324

2024-05-15T12:55:36+05:45 CRITICAL Uncaught TypeError: call_user_func_array(): Argument #1 ($callback) must be a valid callback, function "display_send_email_submenu" not found or invalid function name in C:\xampp\htdocs\wordpress\wp-includes\class-wp-hook.php:324
Stack trace:
#0 C:\xampp\htdocs\wordpress\wp-includes\class-wp-hook.php(348): WP_Hook->apply_filters('', Array)
#1 C:\xampp\htdocs\wordpress\wp-includes\plugin.php(517): WP_Hook->do_action(Array)
#2 C:\xampp\htdocs\wordpress\wp-admin\admin.php(259): do_action('test-email_page...')
#3 {main}
  thrown in C:\xampp\htdocs\wordpress\wp-includes\class-wp-hook.php on line 324

2024-05-15T12:55:46+05:45 CRITICAL Uncaught TypeError: call_user_func_array(): Argument #1 ($callback) must be a valid callback, function "display_send_email_submenu" not found or invalid function name in C:\xampp\htdocs\wordpress\wp-includes\class-wp-hook.php:324
Stack trace:
#0 C:\xampp\htdocs\wordpress\wp-includes\class-wp-hook.php(348): WP_Hook->apply_filters('', Array)
#1 C:\xampp\htdocs\wordpress\wp-includes\plugin.php(517): WP_Hook->do_action(Array)
#2 C:\xampp\htdocs\wordpress\wp-admin\admin.php(259): do_action('test-email_page...')
#3 {main}
  thrown in C:\xampp\htdocs\wordpress\wp-includes\class-wp-hook.php on line 324

2024-05-15T12:56:04+05:45 CRITICAL Uncaught TypeError: call_user_func_array(): Argument #1 ($callback) must be a valid callback, function "display_test_email_menu" not found or invalid function name in C:\xampp\htdocs\wordpress\wp-includes\class-wp-hook.php:324
Stack trace:
#0 C:\xampp\htdocs\wordpress\wp-includes\class-wp-hook.php(348): WP_Hook->apply_filters('', Array)
#1 C:\xampp\htdocs\wordpress\wp-includes\plugin.php(517): WP_Hook->do_action(Array)
#2 C:\xampp\htdocs\wordpress\wp-admin\admin.php(259): do_action('toplevel_page_t...')
#3 {main}
  thrown in C:\xampp\htdocs\wordpress\wp-includes\class-wp-hook.php on line 324

2024-05-15T12:56:10+05:45 CRITICAL Uncaught TypeError: call_user_func_array(): Argument #1 ($callback) must be a valid callback, function "display_send_email_submenu" not found or invalid function name in C:\xampp\htdocs\wordpress\wp-includes\class-wp-hook.php:324
Stack trace:
#0 C:\xampp\htdocs\wordpress\wp-includes\class-wp-hook.php(348): WP_Hook->apply_filters('', Array)
#1 C:\xampp\htdocs\wordpress\wp-includes\plugin.php(517): WP_Hook->do_action(Array)
#2 C:\xampp\htdocs\wordpress\wp-admin\admin.php(259): do_action('test-email_page...')
#3 {main}
  thrown in C:\xampp\htdocs\wordpress\wp-includes\class-wp-hook.php on line 324

2024-05-15T12:56:50+05:45 CRITICAL Uncaught TypeError: call_user_func_array(): Argument #1 ($callback) must be a valid callback, function "display_send_email_submenu" not found or invalid function name in C:\xampp\htdocs\wordpress\wp-includes\class-wp-hook.php:324
Stack trace:
#0 C:\xampp\htdocs\wordpress\wp-includes\class-wp-hook.php(348): WP_Hook->apply_filters('', Array)
#1 C:\xampp\htdocs\wordpress\wp-includes\plugin.php(517): WP_Hook->do_action(Array)
#2 C:\xampp\htdocs\wordpress\wp-admin\admin.php(259): do_action('testt-email_pag...')
#3 {main}
  thrown in C:\xampp\htdocs\wordpress\wp-includes\class-wp-hook.php on line 324

2024-05-15T12:57:06+05:45 CRITICAL Uncaught TypeError: call_user_func_array(): Argument #1 ($callback) must be a valid callback, function "display_test_email_menu" not found or invalid function name in C:\xampp\htdocs\wordpress\wp-includes\class-wp-hook.php:324
Stack trace:
#0 C:\xampp\htdocs\wordpress\wp-includes\class-wp-hook.php(348): WP_Hook->apply_filters('', Array)
#1 C:\xampp\htdocs\wordpress\wp-includes\plugin.php(517): WP_Hook->do_action(Array)
#2 C:\xampp\htdocs\wordpress\wp-admin\admin.php(259): do_action('toplevel_page_t...')
#3 {main}
  thrown in C:\xampp\htdocs\wordpress\wp-includes\class-wp-hook.php on line 324

2024-05-15T12:57:12+05:45 CRITICAL Uncaught TypeError: call_user_func_array(): Argument #1 ($callback) must be a valid callback, function "display_send_email_submenu" not found or invalid function name in C:\xampp\htdocs\wordpress\wp-includes\class-wp-hook.php:324
Stack trace:
#0 C:\xampp\htdocs\wordpress\wp-includes\class-wp-hook.php(348): WP_Hook->apply_filters('', Array)
#1 C:\xampp\htdocs\wordpress\wp-includes\plugin.php(517): WP_Hook->do_action(Array)
#2 C:\xampp\htdocs\wordpress\wp-admin\admin.php(259): do_action('testt-email_pag...')
#3 {main}
  thrown in C:\xampp\htdocs\wordpress\wp-includes\class-wp-hook.php on line 324

2024-05-15T13:00:47+05:45 CRITICAL Uncaught TypeError: call_user_func_array(): Argument #1 ($callback) must be a valid callback, function "display_send_email_submenu" not found or invalid function name in C:\xampp\htdocs\wordpress\wp-includes\class-wp-hook.php:324
Stack trace:
#0 C:\xampp\htdocs\wordpress\wp-includes\class-wp-hook.php(348): WP_Hook->apply_filters('', Array)
#1 C:\xampp\htdocs\wordpress\wp-includes\plugin.php(517): WP_Hook->do_action(Array)
#2 C:\xampp\htdocs\wordpress\wp-admin\admin.php(259): do_action('test-email_page...')
#3 {main}
  thrown in C:\xampp\htdocs\wordpress\wp-includes\class-wp-hook.php on line 324

2024-05-15T13:00:51+05:45 CRITICAL Uncaught TypeError: call_user_func_array(): Argument #1 ($callback) must be a valid callback, function "display_send_email_submenu" not found or invalid function name in C:\xampp\htdocs\wordpress\wp-includes\class-wp-hook.php:324
Stack trace:
#0 C:\xampp\htdocs\wordpress\wp-includes\class-wp-hook.php(348): WP_Hook->apply_filters('', Array)
#1 C:\xampp\htdocs\wordpress\wp-includes\plugin.php(517): WP_Hook->do_action(Array)
#2 C:\xampp\htdocs\wordpress\wp-admin\admin.php(259): do_action('test-email_page...')
#3 {main}
  thrown in C:\xampp\htdocs\wordpress\wp-includes\class-wp-hook.php on line 324

2024-05-15T13:01:22+05:45 CRITICAL Uncaught TypeError: call_user_func_array(): Argument #1 ($callback) must be a valid callback, function "display_send_email_submenu" not found or invalid function name in C:\xampp\htdocs\wordpress\wp-includes\class-wp-hook.php:324
Stack trace:
#0 C:\xampp\htdocs\wordpress\wp-includes\class-wp-hook.php(348): WP_Hook->apply_filters('', Array)
#1 C:\xampp\htdocs\wordpress\wp-includes\plugin.php(517): WP_Hook->do_action(Array)
#2 C:\xampp\htdocs\wordpress\wp-admin\admin.php(259): do_action('test-email_page...')
#3 {main}
  thrown in C:\xampp\htdocs\wordpress\wp-includes\class-wp-hook.php on line 324

2024-05-15T13:01:31+05:45 CRITICAL Uncaught TypeError: call_user_func_array(): Argument #1 ($callback) must be a valid callback, function "display_send_email_submenu" not found or invalid function name in C:\xampp\htdocs\wordpress\wp-includes\class-wp-hook.php:324
Stack trace:
#0 C:\xampp\htdocs\wordpress\wp-includes\class-wp-hook.php(348): WP_Hook->apply_filters('', Array)
#1 C:\xampp\htdocs\wordpress\wp-includes\plugin.php(517): WP_Hook->do_action(Array)
#2 C:\xampp\htdocs\wordpress\wp-admin\admin.php(259): do_action('test-email_page...')
#3 {main}
  thrown in C:\xampp\htdocs\wordpress\wp-includes\class-wp-hook.php on line 324

2024-05-15T13:02:35+05:45 CRITICAL Uncaught TypeError: call_user_func_array(): Argument #1 ($callback) must be a valid callback, function "display_send_email_submenu" not found or invalid function name in C:\xampp\htdocs\wordpress\wp-includes\class-wp-hook.php:324
Stack trace:
#0 C:\xampp\htdocs\wordpress\wp-includes\class-wp-hook.php(348): WP_Hook->apply_filters('', Array)
#1 C:\xampp\htdocs\wordpress\wp-includes\plugin.php(517): WP_Hook->do_action(Array)
#2 C:\xampp\htdocs\wordpress\wp-admin\admin.php(259): do_action('test-email_page...')
#3 {main}
  thrown in C:\xampp\htdocs\wordpress\wp-includes\class-wp-hook.php on line 324

2024-05-15T13:02:39+05:45 CRITICAL Uncaught TypeError: call_user_func_array(): Argument #1 ($callback) must be a valid callback, function "display_send_email_submenu" not found or invalid function name in C:\xampp\htdocs\wordpress\wp-includes\class-wp-hook.php:324
Stack trace:
#0 C:\xampp\htdocs\wordpress\wp-includes\class-wp-hook.php(348): WP_Hook->apply_filters('', Array)
#1 C:\xampp\htdocs\wordpress\wp-includes\plugin.php(517): WP_Hook->do_action(Array)
#2 C:\xampp\htdocs\wordpress\wp-admin\admin.php(259): do_action('test-email_page...')
#3 {main}
  thrown in C:\xampp\htdocs\wordpress\wp-includes\class-wp-hook.php on line 324

2024-05-15T13:05:25+05:45 CRITICAL Uncaught TypeError: call_user_func_array(): Argument #1 ($callback) must be a valid callback, function "display_test_email_menu" not found or invalid function name in C:\xampp\htdocs\wordpress\wp-includes\class-wp-hook.php:324
Stack trace:
#0 C:\xampp\htdocs\wordpress\wp-includes\class-wp-hook.php(348): WP_Hook->apply_filters('', Array)
#1 C:\xampp\htdocs\wordpress\wp-includes\plugin.php(517): WP_Hook->do_action(Array)
#2 C:\xampp\htdocs\wordpress\wp-admin\admin.php(259): do_action('toplevel_page_t...')
#3 {main}
  thrown in C:\xampp\htdocs\wordpress\wp-includes\class-wp-hook.php on line 324

2024-05-15T13:05:28+05:45 CRITICAL Uncaught TypeError: call_user_func_array(): Argument #1 ($callback) must be a valid callback, function "display_test_email_menu" not found or invalid function name in C:\xampp\htdocs\wordpress\wp-includes\class-wp-hook.php:324
Stack trace:
#0 C:\xampp\htdocs\wordpress\wp-includes\class-wp-hook.php(348): WP_Hook->apply_filters('', Array)
#1 C:\xampp\htdocs\wordpress\wp-includes\plugin.php(517): WP_Hook->do_action(Array)
#2 C:\xampp\htdocs\wordpress\wp-admin\admin.php(259): do_action('toplevel_page_t...')
#3 {main}
  thrown in C:\xampp\htdocs\wordpress\wp-includes\class-wp-hook.php on line 324

2024-05-15T16:19:17+05:45 CRITICAL Uncaught TypeError: Cannot access offset of type string on string in C:\xampp\htdocs\wordpress\wp-content\plugins\metabox-learn\emailContentChanger.php:37
Stack trace:
#0 C:\xampp\htdocs\wordpress\wp-includes\class-wp-hook.php(324): Wp_content\Plugins\Metabox_learn\EmailContentChanger->metabox_learn_save_email_data('')
#1 C:\xampp\htdocs\wordpress\wp-includes\class-wp-hook.php(348): WP_Hook->apply_filters('', Array)
#2 C:\xampp\htdocs\wordpress\wp-includes\plugin.php(517): WP_Hook->do_action(Array)
#3 C:\xampp\htdocs\wordpress\wp-content\plugins\metabox-learn\emailContentChanger.php(14): do_action('custom_email_se...')
#4 C:\xampp\htdocs\wordpress\wp-content\plugins\metabox-learn\metabox-learn.php(265): Wp_content\Plugins\Metabox_learn\EmailContentChanger->__construct()
#5 C:\xampp\htdocs\wordpress\wp-includes\class-wp-hook.php(324): Metabox_learn->testemail_handle_send_email('')
#6 C:\xampp\htdocs\wordpress\wp-includes\class-wp-hook.php(348): WP_Hook->apply_filters('', Array)
#7 C:\xampp\htdocs\wordpress\wp-includes\plugin.php(517): WP_Hook->do_action(Array)
#8 C:\xampp\htdocs\wordpress\wp-admin\admin-post.php(85): do_action('admin_post_send...')
#9 {main}
  thrown in C:\xampp\htdocs\wordpress\wp-content\plugins\metabox-learn\emailContentChanger.php on line 37

2024-05-15T16:22:32+05:45 CRITICAL Uncaught TypeError: Cannot access offset of type string on string in C:\xampp\htdocs\wordpress\wp-content\plugins\metabox-learn\emailContentChanger.php:39
Stack trace:
#0 C:\xampp\htdocs\wordpress\wp-includes\class-wp-hook.php(324): Wp_content\Plugins\Metabox_learn\EmailContentChanger->metabox_learn_save_email_data('')
#1 C:\xampp\htdocs\wordpress\wp-includes\class-wp-hook.php(348): WP_Hook->apply_filters('', Array)
#2 C:\xampp\htdocs\wordpress\wp-includes\plugin.php(517): WP_Hook->do_action(Array)
#3 C:\xampp\htdocs\wordpress\wp-content\plugins\metabox-learn\emailContentChanger.php(16): do_action('custom_email_se...')
#4 C:\xampp\htdocs\wordpress\wp-content\plugins\metabox-learn\metabox-learn.php(265): Wp_content\Plugins\Metabox_learn\EmailContentChanger->__construct()
#5 C:\xampp\htdocs\wordpress\wp-includes\class-wp-hook.php(324): Metabox_learn->testemail_handle_send_email('')
#6 C:\xampp\htdocs\wordpress\wp-includes\class-wp-hook.php(348): WP_Hook->apply_filters('', Array)
#7 C:\xampp\htdocs\wordpress\wp-includes\plugin.php(517): WP_Hook->do_action(Array)
#8 C:\xampp\htdocs\wordpress\wp-admin\admin-post.php(85): do_action('admin_post_send...')
#9 {main}
  thrown in C:\xampp\htdocs\wordpress\wp-content\plugins\metabox-learn\emailContentChanger.php on line 39

2024-05-15T16:22:57+05:45 CRITICAL Uncaught TypeError: Cannot access offset of type string on string in C:\xampp\htdocs\wordpress\wp-content\plugins\metabox-learn\emailContentChanger.php:39
Stack trace:
#0 C:\xampp\htdocs\wordpress\wp-includes\class-wp-hook.php(324): Wp_content\Plugins\Metabox_learn\EmailContentChanger->metabox_learn_save_email_data('')
#1 C:\xampp\htdocs\wordpress\wp-includes\class-wp-hook.php(348): WP_Hook->apply_filters('', Array)
#2 C:\xampp\htdocs\wordpress\wp-includes\plugin.php(517): WP_Hook->do_action(Array)
#3 C:\xampp\htdocs\wordpress\wp-content\plugins\metabox-learn\emailContentChanger.php(16): do_action('custom_email_se...')
#4 C:\xampp\htdocs\wordpress\wp-content\plugins\metabox-learn\metabox-learn.php(265): Wp_content\Plugins\Metabox_learn\EmailContentChanger->__construct()
#5 C:\xampp\htdocs\wordpress\wp-includes\class-wp-hook.php(324): Metabox_learn->testemail_handle_send_email('')
#6 C:\xampp\htdocs\wordpress\wp-includes\class-wp-hook.php(348): WP_Hook->apply_filters('', Array)
#7 C:\xampp\htdocs\wordpress\wp-includes\plugin.php(517): WP_Hook->do_action(Array)
#8 C:\xampp\htdocs\wordpress\wp-admin\admin-post.php(85): do_action('admin_post_send...')
#9 {main}
  thrown in C:\xampp\htdocs\wordpress\wp-content\plugins\metabox-learn\emailContentChanger.php on line 39

2024-05-15T16:23:17+05:45 CRITICAL Uncaught TypeError: Cannot access offset of type string on string in C:\xampp\htdocs\wordpress\wp-content\plugins\metabox-learn\emailContentChanger.php:39
Stack trace:
#0 C:\xampp\htdocs\wordpress\wp-includes\class-wp-hook.php(324): Wp_content\Plugins\Metabox_learn\EmailContentChanger->metabox_learn_save_email_data('')
#1 C:\xampp\htdocs\wordpress\wp-includes\class-wp-hook.php(348): WP_Hook->apply_filters('', Array)
#2 C:\xampp\htdocs\wordpress\wp-includes\plugin.php(517): WP_Hook->do_action(Array)
#3 C:\xampp\htdocs\wordpress\wp-content\plugins\metabox-learn\emailContentChanger.php(16): do_action('custom_email_se...')
#4 C:\xampp\htdocs\wordpress\wp-content\plugins\metabox-learn\metabox-learn.php(265): Wp_content\Plugins\Metabox_learn\EmailContentChanger->__construct()
#5 C:\xampp\htdocs\wordpress\wp-includes\class-wp-hook.php(324): Metabox_learn->testemail_handle_send_email('')
#6 C:\xampp\htdocs\wordpress\wp-includes\class-wp-hook.php(348): WP_Hook->apply_filters('', Array)
#7 C:\xampp\htdocs\wordpress\wp-includes\plugin.php(517): WP_Hook->do_action(Array)
#8 C:\xampp\htdocs\wordpress\wp-admin\admin-post.php(85): do_action('admin_post_send...')
#9 {main}
  thrown in C:\xampp\htdocs\wordpress\wp-content\plugins\metabox-learn\emailContentChanger.php on line 39

2024-05-15T16:24:04+05:45 CRITICAL Uncaught TypeError: Cannot access offset of type string on string in C:\xampp\htdocs\wordpress\wp-content\plugins\metabox-learn\emailContentChanger.php:39
Stack trace:
#0 C:\xampp\htdocs\wordpress\wp-includes\class-wp-hook.php(324): Wp_content\Plugins\Metabox_learn\EmailContentChanger->metabox_learn_save_email_data('')
#1 C:\xampp\htdocs\wordpress\wp-includes\class-wp-hook.php(348): WP_Hook->apply_filters('', Array)
#2 C:\xampp\htdocs\wordpress\wp-includes\plugin.php(517): WP_Hook->do_action(Array)
#3 C:\xampp\htdocs\wordpress\wp-content\plugins\metabox-learn\emailContentChanger.php(16): do_action('custom_email_se...')
#4 C:\xampp\htdocs\wordpress\wp-content\plugins\metabox-learn\metabox-learn.php(265): Wp_content\Plugins\Metabox_learn\EmailContentChanger->__construct()
#5 C:\xampp\htdocs\wordpress\wp-includes\class-wp-hook.php(324): Metabox_learn->testemail_handle_send_email('')
#6 C:\xampp\htdocs\wordpress\wp-includes\class-wp-hook.php(348): WP_Hook->apply_filters('', Array)
#7 C:\xampp\htdocs\wordpress\wp-includes\plugin.php(517): WP_Hook->do_action(Array)
#8 C:\xampp\htdocs\wordpress\wp-admin\admin-post.php(85): do_action('admin_post_send...')
#9 {main}
  thrown in C:\xampp\htdocs\wordpress\wp-content\plugins\metabox-learn\emailContentChanger.php on line 39

2024-05-15T16:24:07+05:45 CRITICAL Uncaught TypeError: Cannot access offset of type string on string in C:\xampp\htdocs\wordpress\wp-content\plugins\metabox-learn\emailContentChanger.php:39
Stack trace:
#0 C:\xampp\htdocs\wordpress\wp-includes\class-wp-hook.php(324): Wp_content\Plugins\Metabox_learn\EmailContentChanger->metabox_learn_save_email_data('')
#1 C:\xampp\htdocs\wordpress\wp-includes\class-wp-hook.php(348): WP_Hook->apply_filters('', Array)
#2 C:\xampp\htdocs\wordpress\wp-includes\plugin.php(517): WP_Hook->do_action(Array)
#3 C:\xampp\htdocs\wordpress\wp-content\plugins\metabox-learn\emailContentChanger.php(16): do_action('custom_email_se...')
#4 C:\xampp\htdocs\wordpress\wp-content\plugins\metabox-learn\metabox-learn.php(265): Wp_content\Plugins\Metabox_learn\EmailContentChanger->__construct()
#5 C:\xampp\htdocs\wordpress\wp-includes\class-wp-hook.php(324): Metabox_learn->testemail_handle_send_email('')
#6 C:\xampp\htdocs\wordpress\wp-includes\class-wp-hook.php(348): WP_Hook->apply_filters('', Array)
#7 C:\xampp\htdocs\wordpress\wp-includes\plugin.php(517): WP_Hook->do_action(Array)
#8 C:\xampp\htdocs\wordpress\wp-admin\admin-post.php(85): do_action('admin_post_send...')
#9 {main}
  thrown in C:\xampp\htdocs\wordpress\wp-content\plugins\metabox-learn\emailContentChanger.php on line 39

2024-05-15T16:24:28+05:45 CRITICAL Uncaught TypeError: Cannot access offset of type string on string in C:\xampp\htdocs\wordpress\wp-content\plugins\metabox-learn\emailContentChanger.php:39
Stack trace:
#0 C:\xampp\htdocs\wordpress\wp-includes\class-wp-hook.php(324): Wp_content\Plugins\Metabox_learn\EmailContentChanger->metabox_learn_save_email_data('')
#1 C:\xampp\htdocs\wordpress\wp-includes\class-wp-hook.php(348): WP_Hook->apply_filters('', Array)
#2 C:\xampp\htdocs\wordpress\wp-includes\plugin.php(517): WP_Hook->do_action(Array)
#3 C:\xampp\htdocs\wordpress\wp-content\plugins\metabox-learn\emailContentChanger.php(16): do_action('custom_email_se...')
#4 C:\xampp\htdocs\wordpress\wp-content\plugins\metabox-learn\metabox-learn.php(265): Wp_content\Plugins\Metabox_learn\EmailContentChanger->__construct()
#5 C:\xampp\htdocs\wordpress\wp-includes\class-wp-hook.php(324): Metabox_learn->testemail_handle_send_email('')
#6 C:\xampp\htdocs\wordpress\wp-includes\class-wp-hook.php(348): WP_Hook->apply_filters('', Array)
#7 C:\xampp\htdocs\wordpress\wp-includes\plugin.php(517): WP_Hook->do_action(Array)
#8 C:\xampp\htdocs\wordpress\wp-admin\admin-post.php(85): do_action('admin_post_send...')
#9 {main}
  thrown in C:\xampp\htdocs\wordpress\wp-content\plugins\metabox-learn\emailContentChanger.php on line 39

2024-05-15T16:24:59+05:45 CRITICAL Uncaught TypeError: Cannot access offset of type string on string in C:\xampp\htdocs\wordpress\wp-content\plugins\metabox-learn\emailContentChanger.php:37
Stack trace:
#0 C:\xampp\htdocs\wordpress\wp-includes\class-wp-hook.php(324): Wp_content\Plugins\Metabox_learn\EmailContentChanger->metabox_learn_save_email_data('')
#1 C:\xampp\htdocs\wordpress\wp-includes\class-wp-hook.php(348): WP_Hook->apply_filters('', Array)
#2 C:\xampp\htdocs\wordpress\wp-includes\plugin.php(517): WP_Hook->do_action(Array)
#3 C:\xampp\htdocs\wordpress\wp-content\plugins\metabox-learn\emailContentChanger.php(14): do_action('custom_email_se...')
#4 C:\xampp\htdocs\wordpress\wp-content\plugins\metabox-learn\metabox-learn.php(265): Wp_content\Plugins\Metabox_learn\EmailContentChanger->__construct()
#5 C:\xampp\htdocs\wordpress\wp-includes\class-wp-hook.php(324): Metabox_learn->testemail_handle_send_email('')
#6 C:\xampp\htdocs\wordpress\wp-includes\class-wp-hook.php(348): WP_Hook->apply_filters('', Array)
#7 C:\xampp\htdocs\wordpress\wp-includes\plugin.php(517): WP_Hook->do_action(Array)
#8 C:\xampp\htdocs\wordpress\wp-admin\admin-post.php(85): do_action('admin_post_send...')
#9 {main}
  thrown in C:\xampp\htdocs\wordpress\wp-content\plugins\metabox-learn\emailContentChanger.php on line 37

2024-05-16T10:17:30+05:45 CRITICAL Uncaught TypeError: call_user_func_array(): Argument #1 ($callback) must be a valid callback, class Metabox_learn does not have a method "wporg_shortcodes_init" in C:\xampp\htdocs\wordpress\wp-includes\class-wp-hook.php:324
Stack trace:
#0 C:\xampp\htdocs\wordpress\wp-includes\class-wp-hook.php(348): WP_Hook->apply_filters(NULL, Array)
#1 C:\xampp\htdocs\wordpress\wp-includes\plugin.php(517): WP_Hook->do_action(Array)
#2 C:\xampp\htdocs\wordpress\wp-settings.php(695): do_action('init')
#3 C:\xampp\htdocs\wordpress\wp-config.php(105): require_once('C:\\xampp\\htdocs...')
#4 C:\xampp\htdocs\wordpress\wp-load.php(50): require_once('C:\\xampp\\htdocs...')
#5 C:\xampp\htdocs\wordpress\wp-admin\admin-ajax.php(22): require_once('C:\\xampp\\htdocs...')
#6 {main}
  thrown in C:\xampp\htdocs\wordpress\wp-includes\class-wp-hook.php on line 324

2024-05-16T10:21:33+05:45 CRITICAL Uncaught TypeError: call_user_func_array(): Argument #1 ($callback) must be a valid callback, class "Shortcodes_learn" not found in C:\xampp\htdocs\wordpress\wp-includes\class-wp-hook.php:324
Stack trace:
#0 C:\xampp\htdocs\wordpress\wp-includes\class-wp-hook.php(348): WP_Hook->apply_filters(NULL, Array)
#1 C:\xampp\htdocs\wordpress\wp-includes\plugin.php(517): WP_Hook->do_action(Array)
#2 C:\xampp\htdocs\wordpress\wp-settings.php(550): do_action('plugins_loaded')
#3 C:\xampp\htdocs\wordpress\wp-config.php(105): require_once('C:\\xampp\\htdocs...')
#4 C:\xampp\htdocs\wordpress\wp-load.php(50): require_once('C:\\xampp\\htdocs...')
#5 C:\xampp\htdocs\wordpress\wp-admin\admin-ajax.php(22): require_once('C:\\xampp\\htdocs...')
#6 {main}
  thrown in C:\xampp\htdocs\wordpress\wp-includes\class-wp-hook.php on line 324

2024-05-16T10:23:33+05:45 CRITICAL Uncaught TypeError: call_user_func_array(): Argument #1 ($callback) must be a valid callback, class "Shortcodes_learn" not found in C:\xampp\htdocs\wordpress\wp-includes\class-wp-hook.php:324
Stack trace:
#0 C:\xampp\htdocs\wordpress\wp-includes\class-wp-hook.php(348): WP_Hook->apply_filters(NULL, Array)
#1 C:\xampp\htdocs\wordpress\wp-includes\plugin.php(517): WP_Hook->do_action(Array)
#2 C:\xampp\htdocs\wordpress\wp-settings.php(550): do_action('plugins_loaded')
#3 C:\xampp\htdocs\wordpress\wp-config.php(105): require_once('C:\\xampp\\htdocs...')
#4 C:\xampp\htdocs\wordpress\wp-load.php(50): require_once('C:\\xampp\\htdocs...')
#5 C:\xampp\htdocs\wordpress\wp-admin\admin-ajax.php(22): require_once('C:\\xampp\\htdocs...')
#6 {main}
  thrown in C:\xampp\htdocs\wordpress\wp-includes\class-wp-hook.php on line 324

2024-05-16T10:24:28+05:45 CRITICAL Uncaught TypeError: call_user_func_array(): Argument #1 ($callback) must be a valid callback, class "Shortcodes_learn" not found in C:\xampp\htdocs\wordpress\wp-includes\class-wp-hook.php:324
Stack trace:
#0 C:\xampp\htdocs\wordpress\wp-includes\class-wp-hook.php(348): WP_Hook->apply_filters(NULL, Array)
#1 C:\xampp\htdocs\wordpress\wp-includes\plugin.php(517): WP_Hook->do_action(Array)
#2 C:\xampp\htdocs\wordpress\wp-settings.php(695): do_action('init')
#3 C:\xampp\htdocs\wordpress\wp-config.php(105): require_once('C:\\xampp\\htdocs...')
#4 C:\xampp\htdocs\wordpress\wp-load.php(50): require_once('C:\\xampp\\htdocs...')
#5 C:\xampp\htdocs\wordpress\wp-blog-header.php(13): require_once('C:\\xampp\\htdocs...')
#6 C:\xampp\htdocs\wordpress\index.php(17): require('C:\\xampp\\htdocs...')
#7 {main}
  thrown in C:\xampp\htdocs\wordpress\wp-includes\class-wp-hook.php on line 324

2024-05-16T10:24:52+05:45 CRITICAL Uncaught TypeError: call_user_func_array(): Argument #1 ($callback) must be a valid callback, class "Shortcodes_learn" not found in C:\xampp\htdocs\wordpress\wp-includes\class-wp-hook.php:324
Stack trace:
#0 C:\xampp\htdocs\wordpress\wp-includes\class-wp-hook.php(348): WP_Hook->apply_filters(NULL, Array)
#1 C:\xampp\htdocs\wordpress\wp-includes\plugin.php(517): WP_Hook->do_action(Array)
#2 C:\xampp\htdocs\wordpress\wp-settings.php(695): do_action('init')
#3 C:\xampp\htdocs\wordpress\wp-config.php(105): require_once('C:\\xampp\\htdocs...')
#4 C:\xampp\htdocs\wordpress\wp-load.php(50): require_once('C:\\xampp\\htdocs...')
#5 C:\xampp\htdocs\wordpress\wp-blog-header.php(13): require_once('C:\\xampp\\htdocs...')
#6 C:\xampp\htdocs\wordpress\index.php(17): require('C:\\xampp\\htdocs...')
#7 {main}
  thrown in C:\xampp\htdocs\wordpress\wp-includes\class-wp-hook.php on line 324

2024-05-16T10:52:54+05:45 CRITICAL Uncaught TypeError: call_user_func_array(): Argument #1 ($callback) must be a valid callback, cannot access private method Wp_content\Plugins\Metabox_learn\Metabox_users_roles::wporg_simple_role() in C:\xampp\htdocs\wordpress\wp-includes\class-wp-hook.php:324
Stack trace:
#0 C:\xampp\htdocs\wordpress\wp-includes\class-wp-hook.php(348): WP_Hook->apply_filters(NULL, Array)
#1 C:\xampp\htdocs\wordpress\wp-includes\plugin.php(517): WP_Hook->do_action(Array)
#2 C:\xampp\htdocs\wordpress\wp-settings.php(695): do_action('init')
#3 C:\xampp\htdocs\wordpress\wp-config.php(105): require_once('C:\\xampp\\htdocs...')
#4 C:\xampp\htdocs\wordpress\wp-load.php(50): require_once('C:\\xampp\\htdocs...')
#5 C:\xampp\htdocs\wordpress\wp-admin\admin.php(34): require_once('C:\\xampp\\htdocs...')
#6 C:\xampp\htdocs\wordpress\wp-admin\user-new.php(10): require_once('C:\\xampp\\htdocs...')
#7 {main}
  thrown in C:\xampp\htdocs\wordpress\wp-includes\class-wp-hook.php on line 324

2024-05-16T10:53:02+05:45 CRITICAL Uncaught TypeError: call_user_func_array(): Argument #1 ($callback) must be a valid callback, cannot access private method Wp_content\Plugins\Metabox_learn\Metabox_users_roles::wporg_simple_role() in C:\xampp\htdocs\wordpress\wp-includes\class-wp-hook.php:324
Stack trace:
#0 C:\xampp\htdocs\wordpress\wp-includes\class-wp-hook.php(348): WP_Hook->apply_filters(NULL, Array)
#1 C:\xampp\htdocs\wordpress\wp-includes\plugin.php(517): WP_Hook->do_action(Array)
#2 C:\xampp\htdocs\wordpress\wp-settings.php(695): do_action('init')
#3 C:\xampp\htdocs\wordpress\wp-config.php(105): require_once('C:\\xampp\\htdocs...')
#4 C:\xampp\htdocs\wordpress\wp-load.php(50): require_once('C:\\xampp\\htdocs...')
#5 C:\xampp\htdocs\wordpress\wp-admin\admin-ajax.php(22): require_once('C:\\xampp\\htdocs...')
#6 {main}
  thrown in C:\xampp\htdocs\wordpress\wp-includes\class-wp-hook.php on line 324

2024-05-16T14:20:47+05:45 CRITICAL Uncaught TypeError: call_user_func_array(): Argument #1 ($callback) must be a valid callback, function "metabox_task5_handle_submit_for_sc" not found or invalid function name in C:\xampp\htdocs\wordpress\wp-includes\class-wp-hook.php:324
Stack trace:
#0 C:\xampp\htdocs\wordpress\wp-includes\class-wp-hook.php(348): WP_Hook->apply_filters('', Array)
#1 C:\xampp\htdocs\wordpress\wp-includes\plugin.php(517): WP_Hook->do_action(Array)
#2 C:\xampp\htdocs\wordpress\wp-admin\admin-post.php(85): do_action('admin_post_save...')
#3 {main}
  thrown in C:\xampp\htdocs\wordpress\wp-includes\class-wp-hook.php on line 324

2024-05-16T14:21:02+05:45 CRITICAL Uncaught TypeError: call_user_func_array(): Argument #1 ($callback) must be a valid callback, function "metabox_task5_handle_submit_for_sc" not found or invalid function name in C:\xampp\htdocs\wordpress\wp-includes\class-wp-hook.php:324
Stack trace:
#0 C:\xampp\htdocs\wordpress\wp-includes\class-wp-hook.php(348): WP_Hook->apply_filters('', Array)
#1 C:\xampp\htdocs\wordpress\wp-includes\plugin.php(517): WP_Hook->do_action(Array)
#2 C:\xampp\htdocs\wordpress\wp-admin\admin-post.php(85): do_action('admin_post_save...')
#3 {main}
  thrown in C:\xampp\htdocs\wordpress\wp-includes\class-wp-hook.php on line 324

2024-05-16T14:34:26+05:45 CRITICAL Uncaught Error: Object of class WP_Error could not be converted to string in C:\xampp\htdocs\wordpress\wp-content\plugins\metabox-learn\metabox_task5_tsb.php:121
Stack trace:
#0 C:\xampp\htdocs\wordpress\wp-includes\class-wp-hook.php(324): Wp_content\Plugins\Metabox_learn\Metabox_task5_tsb->metabox_task5_handle_submit_for_sc('')
#1 C:\xampp\htdocs\wordpress\wp-includes\class-wp-hook.php(348): WP_Hook->apply_filters('', Array)
#2 C:\xampp\htdocs\wordpress\wp-includes\plugin.php(517): WP_Hook->do_action(Array)
#3 C:\xampp\htdocs\wordpress\wp-admin\admin-post.php(85): do_action('admin_post_save...')
#4 {main}
  thrown in C:\xampp\htdocs\wordpress\wp-content\plugins\metabox-learn\metabox_task5_tsb.php on line 121

2024-05-16T14:35:54+05:45 CRITICAL Uncaught Error: Object of class WP_Error could not be converted to string in C:\xampp\htdocs\wordpress\wp-content\plugins\metabox-learn\metabox_task5_tsb.php:121
Stack trace:
#0 C:\xampp\htdocs\wordpress\wp-includes\class-wp-hook.php(324): Wp_content\Plugins\Metabox_learn\Metabox_task5_tsb->metabox_task5_handle_submit_for_sc('')
#1 C:\xampp\htdocs\wordpress\wp-includes\class-wp-hook.php(348): WP_Hook->apply_filters('', Array)
#2 C:\xampp\htdocs\wordpress\wp-includes\plugin.php(517): WP_Hook->do_action(Array)
#3 C:\xampp\htdocs\wordpress\wp-admin\admin-post.php(85): do_action('admin_post_save...')
#4 {main}
  thrown in C:\xampp\htdocs\wordpress\wp-content\plugins\metabox-learn\metabox_task5_tsb.php on line 121

2024-05-16T14:36:43+05:45 CRITICAL Uncaught Error: Object of class WP_Error could not be converted to string in C:\xampp\htdocs\wordpress\wp-content\plugins\metabox-learn\metabox_task5_tsb.php:121
Stack trace:
#0 C:\xampp\htdocs\wordpress\wp-includes\class-wp-hook.php(324): Wp_content\Plugins\Metabox_learn\Metabox_task5_tsb->metabox_task5_handle_submit_for_sc('')
#1 C:\xampp\htdocs\wordpress\wp-includes\class-wp-hook.php(348): WP_Hook->apply_filters('', Array)
#2 C:\xampp\htdocs\wordpress\wp-includes\plugin.php(517): WP_Hook->do_action(Array)
#3 C:\xampp\htdocs\wordpress\wp-admin\admin-post.php(85): do_action('admin_post_save...')
#4 {main}
  thrown in C:\xampp\htdocs\wordpress\wp-content\plugins\metabox-learn\metabox_task5_tsb.php on line 121

2024-05-16T14:37:06+05:45 CRITICAL Uncaught Error: Object of class WP_Error could not be converted to string in C:\xampp\htdocs\wordpress\wp-content\plugins\metabox-learn\metabox_task5_tsb.php:121
Stack trace:
#0 C:\xampp\htdocs\wordpress\wp-includes\class-wp-hook.php(324): Wp_content\Plugins\Metabox_learn\Metabox_task5_tsb->metabox_task5_handle_submit_for_sc('')
#1 C:\xampp\htdocs\wordpress\wp-includes\class-wp-hook.php(348): WP_Hook->apply_filters('', Array)
#2 C:\xampp\htdocs\wordpress\wp-includes\plugin.php(517): WP_Hook->do_action(Array)
#3 C:\xampp\htdocs\wordpress\wp-admin\admin-post.php(85): do_action('admin_post_save...')
#4 {main}
  thrown in C:\xampp\htdocs\wordpress\wp-content\plugins\metabox-learn\metabox_task5_tsb.php on line 121

2024-05-16T14:41:23+05:45 CRITICAL Uncaught Error: Object of class WP_Error could not be converted to string in C:\xampp\htdocs\wordpress\wp-content\plugins\metabox-learn\metabox_task5_tsb.php:128
Stack trace:
#0 C:\xampp\htdocs\wordpress\wp-includes\class-wp-hook.php(324): Wp_content\Plugins\Metabox_learn\Metabox_task5_tsb->metabox_task5_handle_submit_for_sc('')
#1 C:\xampp\htdocs\wordpress\wp-includes\class-wp-hook.php(348): WP_Hook->apply_filters('', Array)
#2 C:\xampp\htdocs\wordpress\wp-includes\plugin.php(517): WP_Hook->do_action(Array)
#3 C:\xampp\htdocs\wordpress\wp-admin\admin-post.php(85): do_action('admin_post_save...')
#4 {main}
  thrown in C:\xampp\htdocs\wordpress\wp-content\plugins\metabox-learn\metabox_task5_tsb.php on line 128

2024-05-16T14:44:50+05:45 CRITICAL Uncaught Error: Object of class WP_Error could not be converted to string in C:\xampp\htdocs\wordpress\wp-content\plugins\metabox-learn\metabox_task5_tsb.php:128
Stack trace:
#0 C:\xampp\htdocs\wordpress\wp-includes\class-wp-hook.php(324): Wp_content\Plugins\Metabox_learn\Metabox_task5_tsb->metabox_task5_handle_submit_for_sc('')
#1 C:\xampp\htdocs\wordpress\wp-includes\class-wp-hook.php(348): WP_Hook->apply_filters('', Array)
#2 C:\xampp\htdocs\wordpress\wp-includes\plugin.php(517): WP_Hook->do_action(Array)
#3 C:\xampp\htdocs\wordpress\wp-admin\admin-post.php(85): do_action('admin_post_save...')
#4 {main}
  thrown in C:\xampp\htdocs\wordpress\wp-content\plugins\metabox-learn\metabox_task5_tsb.php on line 128

2024-05-16T14:50:12+05:45 CRITICAL Uncaught Error: Object of class WP_Error could not be converted to string in C:\xampp\htdocs\wordpress\wp-content\plugins\metabox-learn\metabox_task5_tsb.php:128
Stack trace:
#0 C:\xampp\htdocs\wordpress\wp-includes\class-wp-hook.php(324): Wp_content\Plugins\Metabox_learn\Metabox_task5_tsb->metabox_task5_handle_submit_for_sc('')
#1 C:\xampp\htdocs\wordpress\wp-includes\class-wp-hook.php(348): WP_Hook->apply_filters('', Array)
#2 C:\xampp\htdocs\wordpress\wp-includes\plugin.php(517): WP_Hook->do_action(Array)
#3 C:\xampp\htdocs\wordpress\wp-admin\admin-post.php(85): do_action('admin_post_save...')
#4 {main}
  thrown in C:\xampp\htdocs\wordpress\wp-content\plugins\metabox-learn\metabox_task5_tsb.php on line 128

2024-05-16T14:55:39+05:45 CRITICAL Uncaught Error: Object of class WP_Error could not be converted to string in C:\xampp\htdocs\wordpress\wp-content\plugins\metabox-learn\metabox_task5_tsb.php:128
Stack trace:
#0 C:\xampp\htdocs\wordpress\wp-includes\class-wp-hook.php(324): Wp_content\Plugins\Metabox_learn\Metabox_task5_tsb->metabox_task5_handle_submit_for_sc('')
#1 C:\xampp\htdocs\wordpress\wp-includes\class-wp-hook.php(348): WP_Hook->apply_filters('', Array)
#2 C:\xampp\htdocs\wordpress\wp-includes\plugin.php(517): WP_Hook->do_action(Array)
#3 C:\xampp\htdocs\wordpress\wp-admin\admin-post.php(85): do_action('admin_post_save...')
#4 {main}
  thrown in C:\xampp\htdocs\wordpress\wp-content\plugins\metabox-learn\metabox_task5_tsb.php on line 128

